<?xml version="1.0" encoding="UTF-8"?>
<!-- Generated by org.testng.reporters.JUnitReportReporter -->
<testsuite hostname="DESKTOP-QI3144H" failures="0" tests="10" name="com.petstore.ui.testclass.HomePageTest" time="186.847" errors="0" timestamp="2022-02-01T08:15:57 IST" skipped="0">
  <testcase classname="com.petstore.ui.testclass.HomePageTest" name="VerifyAddCart" time="18.306"/>
  <system-out/>
  <testcase classname="com.petstore.ui.testclass.HomePageTest" name="verifyHomePageTitleTest" time="20.633"/>
  <system-out/>
  <testcase classname="com.petstore.ui.testclass.HomePageTest" name="VerifySignInButton" time="12.250"/>
  <system-out/>
  <testcase classname="com.petstore.ui.testclass.HomePageTest" name="clickRegistarionLink" time="19.486"/>
  <system-out/>
  <testcase classname="com.petstore.ui.testclass.HomePageTest" name="createNewUser" time="19.868"/>
  <system-out/>
  <testcase classname="com.petstore.ui.testclass.HomePageTest" name="createNewUser" time="15.673"/>
  <system-out/>
  <testcase classname="com.petstore.ui.testclass.HomePageTest" name="createNewUser" time="22.585"/>
  <system-out/>
  <testcase classname="com.petstore.ui.testclass.HomePageTest" name="createNewUser" time="18.862"/>
  <system-out/>
  <testcase classname="com.petstore.ui.testclass.HomePageTest" name="createNewUser" time="21.145"/>
  <system-out/>
  <testcase classname="com.petstore.ui.testclass.HomePageTest" name="createNewUser" time="18.039"/>
  <system-out/>
</testsuite> <!-- com.petstore.ui.testclass.HomePageTest -->
