<?xml version="1.0" encoding="UTF-8"?>
<!-- Generated by org.testng.reporters.JUnitReportReporter -->
<testsuite hostname="DESKTOP-QI3144H" failures="0" tests="4" name="com.petstore.ui.testclass.HomePageTest" time="77.696" errors="0" timestamp="2022-01-28T08:35:02 IST" skipped="0">
  <testcase classname="com.petstore.ui.testclass.HomePageTest" name="verifyHomePageTitleTest" time="11.131"/>
  <system-out/>
  <testcase classname="com.petstore.ui.testclass.HomePageTest" name="VerifySignInButton" time="12.181"/>
  <system-out/>
  <testcase classname="com.petstore.ui.testclass.HomePageTest" name="clickRegistarionLink" time="37.640"/>
  <system-out/>
  <testcase classname="com.petstore.ui.testclass.HomePageTest" name="createNewUser" time="16.744"/>
  <system-out/>
</testsuite> <!-- com.petstore.ui.testclass.HomePageTest -->
